Flutter crash report.
Please report a bug at https://github.com/flutter/flutter/issues.

## command

flutter build windows --release --no-sound-null-safety

## exception

FileSystemException: FileSystemException: Cannot create link, path = 'C:\Users\MSI\Documents\GitHub\Katya-\linux\flutter\ephemeral\.plugin_symlinks\connectivity_plus' (OS Error: Невозможно создать файл, так как он уже существует.
, errno = 183)

```
#0      _Link.throwIfError (dart:io/link.dart:254:7)
#1      _Link.createSync (dart:io/link.dart:182:5)
#2      ForwardingLink.createSync (package:file/src/forwarding/forwarding_link.dart:20:16)
#3      ForwardingLink.createSync (package:file/src/forwarding/forwarding_link.dart:20:16)
#4      _createPlatformPluginSymlinks (package:flutter_tools/src/flutter_plugins.dart:1057:12)
#5      createPluginSymlinks (package:flutter_tools/src/flutter_plugins.dart:994:5)
#6      buildWindows (package:flutter_tools/src/windows/build_windows.dart:61:3)
#7      BuildWindowsCommand.runCommand (package:flutter_tools/src/commands/build_windows.dart:56:11)
<asynchronous suspension>
#8      FlutterCommand.run.<anonymous closure> (package:flutter_tools/src/runner/flutter_command.dart:1257:27)
<asynchronous suspension>
#9      AppContext.run.<anonymous closure> (package:flutter_tools/src/base/context.dart:150:19)
<asynchronous suspension>
#10     CommandRunner.runCommand (package:args/command_runner.dart:209:13)
<asynchronous suspension>
#11     FlutterCommandRunner.runCommand.<anonymous closure> (package:flutter_tools/src/runner/flutter_command_runner.dart:283:9)
<asynchronous suspension>
#12     AppContext.run.<anonymous closure> (package:flutter_tools/src/base/context.dart:150:19)
<asynchronous suspension>
#13     FlutterCommandRunner.runCommand (package:flutter_tools/src/runner/flutter_command_runner.dart:229:5)
<asynchronous suspension>
#14     run.<anonymous closure>.<anonymous closure> (package:flutter_tools/runner.dart:64:9)
<asynchronous suspension>
#15     AppContext.run.<anonymous closure> (package:flutter_tools/src/base/context.dart:150:19)
<asynchronous suspension>
#16     main (package:flutter_tools/executable.dart:91:3)
<asynchronous suspension>
```

## flutter doctor

```
[32m[✓][39m Flutter (Channel stable, 3.7.12, on Microsoft Windows [Version 10.0.19045.4529], locale ru-RU)
    [32m•[39m Flutter version 3.7.12 on channel stable at C:\flutter
    [32m•[39m Upstream repository https://github.com/flutter/flutter.git
    [32m•[39m Framework revision 4d9e56e694 (1 year, 2 months ago), 2023-04-17 21:47:46 -0400
    [32m•[39m Engine revision 1a65d409c7
    [32m•[39m Dart version 2.19.6
    [32m•[39m DevTools version 2.20.1

[31m[✗][39m Windows Version (Unable to confirm if installed Windows version is 10 or greater)

[33m[!][39m Android toolchain - develop for Android devices (Android SDK version 35.0.0)
    [32m•[39m Android SDK at C:\Users\MSI\AppData\Local\Android\sdk
    [32m•[39m Platform android-35, build-tools 35.0.0
    [31m✗[39m No Java Development Kit (JDK) found; You must have the environment variable JAVA_HOME set and the java binary in
      your PATH. You can download the JDK from https://www.oracle.com/technetwork/java/javase/downloads/.

[32m[✓][39m Chrome - develop for the web
    [32m•[39m Chrome at C:\Program Files\Google\Chrome\Application\chrome.exe

[32m[✓][39m Visual Studio - develop for Windows (Visual Studio Community 2022 17.10.3)
    [32m•[39m Visual Studio at C:\Program Files\Microsoft Visual Studio\2022\Community
    [32m•[39m Visual Studio Community 2022 version 17.10.35013.160
    [32m•[39m Windows 10 SDK version 10.0.22621.0

[33m[!][39m Android Studio (version 2024.1)
    [32m•[39m Android Studio at C:\Program Files\Android\Android Studio
    [32m•[39m Flutter plugin can be installed from:
      🔨 https://plugins.jetbrains.com/plugin/9212-flutter
    [32m•[39m Dart plugin can be installed from:
      🔨 https://plugins.jetbrains.com/plugin/6351-dart
    [31m✗[39m Unable to find bundled Java version.
    [32m•[39m Try updating or re-installing Android Studio.

[32m[✓][39m VS Code (version 1.90.2)
    [32m•[39m VS Code at C:\Users\MSI\AppData\Local\Programs\Microsoft VS Code
    [32m•[39m Flutter extension can be installed from:
      🔨 https://marketplace.visualstudio.com/items?itemName=Dart-Code.flutter

[32m[✓][39m Connected device (3 available)
    [32m•[39m Windows (desktop) • windows • windows-x64    • Microsoft Windows [Version 10.0.19045.4529]
    [32m•[39m Chrome (web)      • chrome  • web-javascript • Google Chrome 126.0.6478.115
    [32m•[39m Edge (web)        • edge    • web-javascript • Microsoft Edge 126.0.2592.68

[32m[✓][39m HTTP Host Availability
    [32m•[39m All required HTTP hosts are available

[33m![39m Doctor found issues in 3 categories.
```
